==========================================================================================================
====         CEPH ENVIRONMENT SETUP:      CREATE VM'S FOR COMPUTE NODE 0.                            =====
==========================================================================================================
Creating Network: fio-network
Network already exists with the same name.
Creating Router: fio-router

Unable to create router!
Error: <class 'openstack.exceptions.ConflictException'>
Cause: Error attaching interface to router e8022b54-9229-4bd8-ab6d-b8109bb45333: Client Error for url: http://100.82.39.60:9696/v2.0/routers/e8022b54-9229-4bd8-ab6d-b8109bb45333/add_router_interface.json, IP address 192.168.20.1 already allocated in subnet 2f1046bc-15f3-4c77-bf6b-ff9ea8b4fb6c
Line No: 584 

Creating Server: ceph_vm_0_nova_0
Server Count: 1

Unable to create server!
Error: <class 'openstack.exceptions.BadRequestException'>
Cause: BadRequestException: 400: Client Error for url: http://100.82.39.60:8774/v2.1/servers, The requested availability zone is not available
Line No: 715 


Unable to create 1 instances on same compute and same network
Error: <type 'exceptions.AttributeError'>
Cause: 'NoneType' object has no attribute 'id'
Line No: 1135 

output None
Unable to execute test case 1

Error: <type 'exceptions.TypeError'>
Cause: 'NoneType' object has no attribute '__getitem__'
Line No: 154 

Deleting Server: ceph_vm..
Server deletion failed!
Deleting all unattached floating IPs.
Deleting Network & Router..
Deleting Interfaces..
