================================ Node Clean Log File =====================
================ Setting Node Maintenanace MOde to True ========================

=============================================================================================================
================ Setting Node Maintenanace MOde to True ========================

=============================================================================================================
================ Setting Node Maintenanace MOde to True ========================

=============================================================================================================
================ Setting Node Maintenanace MOde to True ========================

=============================================================================================================
================ Setting Node Maintenanace MOde to True ========================

=============================================================================================================
================ Setting Node Maintenanace MOde to True ========================

=============================================================================================================
================ Setting Node Maintenanace MOde to True ========================

=============================================================================================================
================ Setting Node Maintenanace MOde to True ========================

=============================================================================================================
================ Setting Node Maintenanace MOde to True ========================

=============================================================================================================
================ Deleting Nodes ========================
Deleted node 75b6da1e-975f-4d07-bd82-bf668fc79cbe
=============================================================================================================
================ Deleting Nodes ========================
Deleted node 014ace36-7f62-498a-a75e-87123173b31a
=============================================================================================================
================ Deleting Nodes ========================
Deleted node bbdbadf5-c7a8-47e8-9bb2-521aa72146f7
=============================================================================================================
================ Deleting Nodes ========================
Deleted node 3011ec83-fb3f-4c63-871d-d718656f5c5e
=============================================================================================================
================ Deleting Nodes ========================
Deleted node 3313e7e3-50ae-44ab-bc8f-5ff771f4cf24
=============================================================================================================
================ Deleting Nodes ========================
Deleted node 0bd95e2f-6419-4c5f-ac0e-2cbfa63f35fa
=============================================================================================================
================ Deleting Nodes ========================
Deleted node 64f44f6a-1f28-4e88-a021-14d0aee212c9
=============================================================================================================
================ Deleting Nodes ========================
Deleted node df01675e-0be9-4aa4-8317-640cc51b6cd9
=============================================================================================================
================ Deleting Nodes ========================
Deleted node 54c93b9d-369f-42c7-9f23-5156a517cdcf
=============================================================================================================
